<?xml version="1.0" encoding="UTF-8"?>
<!-- Generated by org.testng.reporters.JUnitXMLReporter -->
<testsuite ignored="0" hostname="DESKTOP-3EMGBI5" failures="6" tests="12" name="HGSHOP Test" time="138.472" errors="0" timestamp="07 Jan 2020 12:39:23 GMT">
  <testcase classname="Tests.ChartQuantityTest" name="Add500001ProductQuantity" time="10.34">
    <failure type="java.lang.AssertionError" message="expected [false] but found [true]">
      <![CDATA[java.lang.AssertionError: expected [false] but found [true]
at Tests.ChartQuantityTest.Add500001ProductQuantity(ChartQuantityTest.java:156)
... Removed 34 stack frames]]>
    </failure>
  </testcase> <!-- Add500001ProductQuantity -->
  <testcase classname="Tests.ChartQuantityTest" name="AddSameProductTwoTimes" time="5.577">
    <failure type="java.lang.AssertionError" message="expected [2] but found [1]">
      <![CDATA[java.lang.AssertionError: expected [2] but found [1]
at Tests.ChartQuantityTest.AddSameProductTwoTimes(ChartQuantityTest.java:175)
... Removed 34 stack frames]]>
    </failure>
  </testcase> <!-- AddSameProductTwoTimes -->
  <testcase classname="Tests.ChartQuantityTest" name="ChartQuantityTest_ContinueShopping" time="2.643"/>
  <testcase classname="Tests.ChartQuantityTest" name="ChartQuantityTest_ContinueShopping2" time="3.114">
    <failure type="java.lang.AssertionError" message="expected [2] but found [3]">
      <![CDATA[java.lang.AssertionError: expected [2] but found [3]
at Tests.ChartQuantityTest.ChartQuantityTest_ContinueShopping2(ChartQuantityTest.java:65)
... Removed 34 stack frames]]>
    </failure>
  </testcase> <!-- ChartQuantityTest_ContinueShopping2 -->
  <testcase classname="Tests.ChartQuantityTest" name="ChartQuantityTest_ContinueShopping_InsertedNumberOfProducts" time="2.186">
    <failure type="java.lang.AssertionError" message="expected [10] but found [1]">
      <![CDATA[java.lang.AssertionError: expected [10] but found [1]
at Tests.ChartQuantityTest.ChartQuantityTest_ContinueShopping_InsertedNumberOfProducts(ChartQuantityTest.java:126)
... Removed 34 stack frames]]>
    </failure>
  </testcase> <!-- ChartQuantityTest_ContinueShopping_InsertedNumberOfProducts -->
  <testcase classname="Tests.ChartQuantityTest" name="ChartQuantityTest_EndShopping" time="3.263"/>
  <testcase classname="Tests.ChartQuantityTest" name="ChartQuantityTest_EndShopping2" time="1.209">
    <failure type="org.openqa.selenium.NoSuchElementException" message="no such element: Unable to locate element: {&amp;quot;method&amp;quot;:&amp;quot;xpath&amp;quot;,&amp;quot;selector&amp;quot;:&amp;quot;/html/body/div[6]/div/section/div[3]/section[1]/div[3]/div[2]&amp;quot;}
  (Session info: chrome=79.0.3945.88)
For documentation on this error, please visit: http://seleniumhq.org/exceptions/no_such_element.html
Build info: version: &amp;apos;3.12.0&amp;apos;, revision: &amp;apos;7c6e0b3&amp;apos;, time: &amp;apos;2018-05-08T14:04:26.12Z&amp;apos;
System info: host: &amp;apos;DESKTOP-3EMGBI5&amp;apos;, ip: &amp;apos;10.28.20.123&amp;apos;, os.name: &amp;apos;Windows 10&amp;apos;, os.arch: &amp;apos;amd64&amp;apos;, os.version: &amp;apos;10.0&amp;apos;, java.version: &amp;apos;13.0.1&amp;apos;
Driver info: org.openqa.selenium.chrome.ChromeDriver
Capabilities {acceptInsecureCerts: false, browserName: chrome, browserVersion: 79.0.3945.88, chrome: {chromedriverVersion: 78.0.3904.105 (60e2d8774a81..., userDataDir: C:\Users\Jakov\AppData\Loca...}, goog:chromeOptions: {debuggerAddress: localhost:61685}, javascriptEnabled: true, networkConnectionEnabled: false, pageLoadStrategy: normal, platform: XP, platformName: XP, proxy: Proxy(), setWindowRect: true, strictFileInteractability: false, timeouts: {implicit: 0, pageLoad: 300000, script: 30000}, unhandledPromptBehavior: dismiss and notify}
Session ID: 2f3e0a902ae872782d30d417286e891b
*** Element info: {Using=xpath, value=/html/body/div[6]/div/section/div[3]/section[1]/div[3]/div[2]}">
      <![CDATA[org.openqa.selenium.NoSuchElementException: no such element: Unable to locate element: {"method":"xpath","selector":"/html/body/div[6]/div/section/div[3]/section[1]/div[3]/div[2]"}
  (Session info: chrome=79.0.3945.88)
For documentation on this error, please visit: http://seleniumhq.org/exceptions/no_such_element.html
Build info: version: '3.12.0', revision: '7c6e0b3', time: '2018-05-08T14:04:26.12Z'
System info: host: 'DESKTOP-3EMGBI5', ip: '10.28.20.123', os.name: 'Windows 10', os.arch: 'amd64', os.version: '10.0', java.version: '13.0.1'
Driver info: org.openqa.selenium.chrome.ChromeDriver
Capabilities {acceptInsecureCerts: false, browserName: chrome, browserVersion: 79.0.3945.88, chrome: {chromedriverVersion: 78.0.3904.105 (60e2d8774a81..., userDataDir: C:\Users\Jakov\AppData\Loca...}, goog:chromeOptions: {debuggerAddress: localhost:61685}, javascriptEnabled: true, networkConnectionEnabled: false, pageLoadStrategy: normal, platform: XP, platformName: XP, proxy: Proxy(), setWindowRect: true, strictFileInteractability: false, timeouts: {implicit: 0, pageLoad: 300000, script: 30000}, unhandledPromptBehavior: dismiss and notify}
Session ID: 2f3e0a902ae872782d30d417286e891b
*** Element info: {Using=xpath, value=/html/body/div[6]/div/section/div[3]/section[1]/div[3]/div[2]}
at org.openqa.selenium.remote.http.W3CHttpResponseCodec.createException(W3CHttpResponseCodec.java:187)
at org.openqa.selenium.remote.http.W3CHttpResponseCodec.decode(W3CHttpResponseCodec.java:122)
at org.openqa.selenium.remote.http.W3CHttpResponseCodec.decode(W3CHttpResponseCodec.java:49)
at org.openqa.selenium.remote.HttpCommandExecutor.execute(HttpCommandExecutor.java:158)
at org.openqa.selenium.remote.service.DriverCommandExecutor.execute(DriverCommandExecutor.java:83)
at org.openqa.selenium.remote.RemoteWebDriver.execute(RemoteWebDriver.java:543)
at org.openqa.selenium.remote.RemoteWebDriver.findElement(RemoteWebDriver.java:317)
at org.openqa.selenium.remote.RemoteWebDriver.findElementByXPath(RemoteWebDriver.java:419)
at org.openqa.selenium.By$ByXPath.findElement(By.java:353)
at org.openqa.selenium.remote.RemoteWebDriver.findElement(RemoteWebDriver.java:309)
at Pages.SearchResult.BuyProduct(SearchResult.java:23)
at Tests.ChartQuantityTest.ChartQuantityTest_EndShopping2(ChartQuantityTest.java:87)
... Removed 33 stack frames]]>
    </failure>
  </testcase> <!-- ChartQuantityTest_EndShopping2 -->
  <testcase classname="Tests.ChartQuantityTest" name="ChartQuantityTest_EndShopping_InsertedNumberOfProducts" time="3.351">
    <failure type="java.lang.AssertionError" message="expected [10] but found [1]">
      <![CDATA[java.lang.AssertionError: expected [10] but found [1]
at Tests.ChartQuantityTest.ChartQuantityTest_EndShopping_InsertedNumberOfProducts(ChartQuantityTest.java:111)
... Removed 34 stack frames]]>
    </failure>
  </testcase> <!-- ChartQuantityTest_EndShopping_InsertedNumberOfProducts -->
  <testcase classname="Tests.LoginTest" name="LoginWithFalseUsername" time="1.206"/>
  <testcase classname="Tests.LoginTest" name="LoginWithRegisteredUsername" time="3.002"/>
  <testcase classname="Tests.LoginTest" name="LoginWithRegisteredUsername_FalsePassword" time="1.292"/>
  <testcase classname="Tests.LoginTest" name="SqlInjectionTest" time="1.261"/>
</testsuite> <!-- HGSHOP Test -->
