<!DOCTYPE html PUBLIC "-//W3C//DTD XHTML 1.1//EN" "http://www.w3.org/TR/xhtml11/DTD/xhtml11.dtd">
<html xmlns="http://www.w3.org/1999/xhtml">
<head>
<meta http-equiv="content-type" content="text/html; charset=UTF-8"/>
<title>TestNG Report</title>
<style type="text/css">table {margin-bottom:10px;border-collapse:collapse;empty-cells:show}th,td {border:1px solid #009;padding:.25em .5em}th {vertical-align:bottom}td {vertical-align:top}table a {font-weight:bold}.stripe td {background-color: #E6EBF9}.num {text-align:right}.passedodd td {background-color: #3F3}.passedeven td {background-color: #0A0}.skippedodd td {background-color: #DDD}.skippedeven td {background-color: #CCC}.failedodd td,.attn {background-color: #F33}.failedeven td,.stripe .attn {background-color: #D00}.stacktrace {white-space:pre;font-family:monospace}.totop {font-size:85%;text-align:center;border-bottom:2px solid #000}.invisible {display:none}</style>
</head>
<body>
<table>
<tr><th>Test</th><th># Passed</th><th># Skipped</th><th># Failed</th><th>Time (ms)</th><th>Included Groups</th><th>Excluded Groups</th></tr>
<tr><th colspan="7">AllTestsSuite</th></tr>
<tr><td><a href="#t0">HGSHOP Test</a></td><td class="num">6</td><td class="num">0</td><td class="num attn">6</td><td class="num">138,472</td><td></td><td></td></tr>
</table>
<table id='summary'><thead><tr><th>Class</th><th>Method</th><th>Start</th><th>Time (ms)</th></tr></thead><tbody><tr><th colspan="4">AllTestsSuite</th></tr></tbody><tbody id="t0"><tr><th colspan="4">HGSHOP Test &#8212; failed</th></tr><tr class="failedeven"><td rowspan="6">Tests.ChartQuantityTest</td><td><a href="#m0">Add500001ProductQuantity</a></td><td rowspan="1">1578400640927</td><td rowspan="1">10340</td></tr><tr class="failedeven"><td><a href="#m1">AddSameProductTwoTimes</a></td><td rowspan="1">1578400659850</td><td rowspan="1">5577</td></tr><tr class="failedeven"><td><a href="#m2">ChartQuantityTest_ContinueShopping2</a></td><td rowspan="1">1578400684352</td><td rowspan="1">3114</td></tr><tr class="failedeven"><td><a href="#m3">ChartQuantityTest_ContinueShopping_InsertedNumberOfProducts</a></td><td rowspan="1">1578400696121</td><td rowspan="1">2186</td></tr><tr class="failedeven"><td><a href="#m4">ChartQuantityTest_EndShopping2</a></td><td rowspan="1">1578400714956</td><td rowspan="1">1209</td></tr><tr class="failedeven"><td><a href="#m5">ChartQuantityTest_EndShopping_InsertedNumberOfProducts</a></td><td rowspan="1">1578400725274</td><td rowspan="1">3351</td></tr><tr><th colspan="4">HGSHOP Test &#8212; passed</th></tr><tr class="passedeven"><td rowspan="2">Tests.ChartQuantityTest</td><td><a href="#m6">ChartQuantityTest_ContinueShopping</a></td><td rowspan="1">1578400672156</td><td rowspan="1">2643</td></tr><tr class="passedeven"><td><a href="#m7">ChartQuantityTest_EndShopping</a></td><td rowspan="1">1578400704766</td><td rowspan="1">3263</td></tr><tr class="passedodd"><td rowspan="4">Tests.LoginTest</td><td><a href="#m8">LoginWithFalseUsername</a></td><td rowspan="1">1578400734262</td><td rowspan="1">1206</td></tr><tr class="passedodd"><td><a href="#m9">LoginWithRegisteredUsername</a></td><td rowspan="1">1578400742686</td><td rowspan="1">3002</td></tr><tr class="passedodd"><td><a href="#m10">LoginWithRegisteredUsername_FalsePassword</a></td><td rowspan="1">1578400754189</td><td rowspan="1">1292</td></tr><tr class="passedodd"><td><a href="#m11">SqlInjectionTest</a></td><td rowspan="1">1578400761198</td><td rowspan="1">1261</td></tr></tbody>
</table>
<h2>HGSHOP Test</h2><h3 id="m0">Tests.ChartQuantityTest#Add500001ProductQuantity</h3><table class="result"><tr><th>Exception</th></tr><tr><td><div class="stacktrace">java.lang.AssertionError: expected [false] but found [true]
	at Tests.ChartQuantityTest.Add500001ProductQuantity(ChartQuantityTest.java:156)
... Removed 34 stack frames</div></td></tr></table><p class="totop"><a href="#summary">back to summary</a></p>
<h3 id="m1">Tests.ChartQuantityTest#AddSameProductTwoTimes</h3><table class="result"><tr><th>Exception</th></tr><tr><td><div class="stacktrace">java.lang.AssertionError: expected [2] but found [1]
	at Tests.ChartQuantityTest.AddSameProductTwoTimes(ChartQuantityTest.java:175)
... Removed 34 stack frames</div></td></tr></table><p class="totop"><a href="#summary">back to summary</a></p>
<h3 id="m2">Tests.ChartQuantityTest#ChartQuantityTest_ContinueShopping2</h3><table class="result"><tr><th>Exception</th></tr><tr><td><div class="stacktrace">java.lang.AssertionError: expected [2] but found [3]
	at Tests.ChartQuantityTest.ChartQuantityTest_ContinueShopping2(ChartQuantityTest.java:65)
... Removed 34 stack frames</div></td></tr></table><p class="totop"><a href="#summary">back to summary</a></p>
<h3 id="m3">Tests.ChartQuantityTest#ChartQuantityTest_ContinueShopping_InsertedNumberOfProducts</h3><table class="result"><tr><th>Exception</th></tr><tr><td><div class="stacktrace">java.lang.AssertionError: expected [10] but found [1]
	at Tests.ChartQuantityTest.ChartQuantityTest_ContinueShopping_InsertedNumberOfProducts(ChartQuantityTest.java:126)
... Removed 34 stack frames</div></td></tr></table><p class="totop"><a href="#summary">back to summary</a></p>
<h3 id="m4">Tests.ChartQuantityTest#ChartQuantityTest_EndShopping2</h3><table class="result"><tr><th>Exception</th></tr><tr><td><div class="stacktrace">org.openqa.selenium.NoSuchElementException: no such element: Unable to locate element: {&quot;method&quot;:&quot;xpath&quot;,&quot;selector&quot;:&quot;/html/body/div[6]/div/section/div[3]/section[1]/div[3]/div[2]&quot;}
  (Session info: chrome=79.0.3945.88)
For documentation on this error, please visit: http://seleniumhq.org/exceptions/no_such_element.html
Build info: version: &apos;3.12.0&apos;, revision: &apos;7c6e0b3&apos;, time: &apos;2018-05-08T14:04:26.12Z&apos;
System info: host: &apos;DESKTOP-3EMGBI5&apos;, ip: &apos;10.28.20.123&apos;, os.name: &apos;Windows 10&apos;, os.arch: &apos;amd64&apos;, os.version: &apos;10.0&apos;, java.version: &apos;13.0.1&apos;
Driver info: org.openqa.selenium.chrome.ChromeDriver
Capabilities {acceptInsecureCerts: false, browserName: chrome, browserVersion: 79.0.3945.88, chrome: {chromedriverVersion: 78.0.3904.105 (60e2d8774a81..., userDataDir: C:\Users\Jakov\AppData\Loca...}, goog:chromeOptions: {debuggerAddress: localhost:61685}, javascriptEnabled: true, networkConnectionEnabled: false, pageLoadStrategy: normal, platform: XP, platformName: XP, proxy: Proxy(), setWindowRect: true, strictFileInteractability: false, timeouts: {implicit: 0, pageLoad: 300000, script: 30000}, unhandledPromptBehavior: dismiss and notify}
Session ID: 2f3e0a902ae872782d30d417286e891b
*** Element info: {Using=xpath, value=/html/body/div[6]/div/section/div[3]/section[1]/div[3]/div[2]}
	at org.openqa.selenium.remote.http.W3CHttpResponseCodec.createException(W3CHttpResponseCodec.java:187)
	at org.openqa.selenium.remote.http.W3CHttpResponseCodec.decode(W3CHttpResponseCodec.java:122)
	at org.openqa.selenium.remote.http.W3CHttpResponseCodec.decode(W3CHttpResponseCodec.java:49)
	at org.openqa.selenium.remote.HttpCommandExecutor.execute(HttpCommandExecutor.java:158)
	at org.openqa.selenium.remote.service.DriverCommandExecutor.execute(DriverCommandExecutor.java:83)
	at org.openqa.selenium.remote.RemoteWebDriver.execute(RemoteWebDriver.java:543)
	at org.openqa.selenium.remote.RemoteWebDriver.findElement(RemoteWebDriver.java:317)
	at org.openqa.selenium.remote.RemoteWebDriver.findElementByXPath(RemoteWebDriver.java:419)
	at org.openqa.selenium.By$ByXPath.findElement(By.java:353)
	at org.openqa.selenium.remote.RemoteWebDriver.findElement(RemoteWebDriver.java:309)
	at Pages.SearchResult.BuyProduct(SearchResult.java:23)
	at Tests.ChartQuantityTest.ChartQuantityTest_EndShopping2(ChartQuantityTest.java:87)
... Removed 33 stack frames</div></td></tr></table><p class="totop"><a href="#summary">back to summary</a></p>
<h3 id="m5">Tests.ChartQuantityTest#ChartQuantityTest_EndShopping_InsertedNumberOfProducts</h3><table class="result"><tr><th>Exception</th></tr><tr><td><div class="stacktrace">java.lang.AssertionError: expected [10] but found [1]
	at Tests.ChartQuantityTest.ChartQuantityTest_EndShopping_InsertedNumberOfProducts(ChartQuantityTest.java:111)
... Removed 34 stack frames</div></td></tr></table><p class="totop"><a href="#summary">back to summary</a></p>
<h3 id="m6">Tests.ChartQuantityTest#ChartQuantityTest_ContinueShopping</h3><table class="result"><tr><th class="invisible"/></tr></table><p class="totop"><a href="#summary">back to summary</a></p>
<h3 id="m7">Tests.ChartQuantityTest#ChartQuantityTest_EndShopping</h3><table class="result"><tr><th class="invisible"/></tr></table><p class="totop"><a href="#summary">back to summary</a></p>
<h3 id="m8">Tests.LoginTest#LoginWithFalseUsername</h3><table class="result"><tr><th class="invisible"/></tr></table><p class="totop"><a href="#summary">back to summary</a></p>
<h3 id="m9">Tests.LoginTest#LoginWithRegisteredUsername</h3><table class="result"><tr><th class="invisible"/></tr></table><p class="totop"><a href="#summary">back to summary</a></p>
<h3 id="m10">Tests.LoginTest#LoginWithRegisteredUsername_FalsePassword</h3><table class="result"><tr><th class="invisible"/></tr></table><p class="totop"><a href="#summary">back to summary</a></p>
<h3 id="m11">Tests.LoginTest#SqlInjectionTest</h3><table class="result"><tr><th class="invisible"/></tr></table><p class="totop"><a href="#summary">back to summary</a></p>
</body>
</html>
