-------------------------------------------------------------------------------
Test set: TestSuite
-------------------------------------------------------------------------------
Tests run: 12, Failures: 6, Errors: 0, Skipped: 0, Time elapsed: 139.618 sec <<< FAILURE! - in TestSuite
Add500001ProductQuantity(Tests.ChartQuantityTest)  Time elapsed: 10.366 sec  <<< FAILURE!
java.lang.AssertionError: expected [false] but found [true]
	at Tests.ChartQuantityTest.Add500001ProductQuantity(ChartQuantityTest.java:156)

AddSameProductTwoTimes(Tests.ChartQuantityTest)  Time elapsed: 5.577 sec  <<< FAILURE!
java.lang.AssertionError: expected [2] but found [1]
	at Tests.ChartQuantityTest.AddSameProductTwoTimes(ChartQuantityTest.java:175)

ChartQuantityTest_ContinueShopping2(Tests.ChartQuantityTest)  Time elapsed: 3.115 sec  <<< FAILURE!
java.lang.AssertionError: expected [2] but found [3]
	at Tests.ChartQuantityTest.ChartQuantityTest_ContinueShopping2(ChartQuantityTest.java:65)

ChartQuantityTest_ContinueShopping_InsertedNumberOfProducts(Tests.ChartQuantityTest)  Time elapsed: 2.185 sec  <<< FAILURE!
java.lang.AssertionError: expected [10] but found [1]
	at Tests.ChartQuantityTest.ChartQuantityTest_ContinueShopping_InsertedNumberOfProducts(ChartQuantityTest.java:126)

ChartQuantityTest_EndShopping2(Tests.ChartQuantityTest)  Time elapsed: 1.222 sec  <<< FAILURE!
org.openqa.selenium.NoSuchElementException: 
no such element: Unable to locate element: {"method":"xpath","selector":"/html/body/div[6]/div/section/div[3]/section[1]/div[3]/div[2]"}
  (Session info: chrome=79.0.3945.88)
For documentation on this error, please visit: http://seleniumhq.org/exceptions/no_such_element.html
Build info: version: '3.12.0', revision: '7c6e0b3', time: '2018-05-08T14:04:26.12Z'
System info: host: 'DESKTOP-3EMGBI5', ip: '10.28.20.123', os.name: 'Windows 10', os.arch: 'amd64', os.version: '10.0', java.version: '13.0.1'
Driver info: org.openqa.selenium.chrome.ChromeDriver
Capabilities {acceptInsecureCerts: false, browserName: chrome, browserVersion: 79.0.3945.88, chrome: {chromedriverVersion: 78.0.3904.105 (60e2d8774a81..., userDataDir: C:\Users\Jakov\AppData\Loca...}, goog:chromeOptions: {debuggerAddress: localhost:61685}, javascriptEnabled: true, networkConnectionEnabled: false, pageLoadStrategy: normal, platform: XP, platformName: XP, proxy: Proxy(), setWindowRect: true, strictFileInteractability: false, timeouts: {implicit: 0, pageLoad: 300000, script: 30000}, unhandledPromptBehavior: dismiss and notify}
Session ID: 2f3e0a902ae872782d30d417286e891b
*** Element info: {Using=xpath, value=/html/body/div[6]/div/section/div[3]/section[1]/div[3]/div[2]}
	at Tests.ChartQuantityTest.ChartQuantityTest_EndShopping2(ChartQuantityTest.java:87)

ChartQuantityTest_EndShopping_InsertedNumberOfProducts(Tests.ChartQuantityTest)  Time elapsed: 3.347 sec  <<< FAILURE!
java.lang.AssertionError: expected [10] but found [1]
	at Tests.ChartQuantityTest.ChartQuantityTest_EndShopping_InsertedNumberOfProducts(ChartQuantityTest.java:111)

